# JRE version: OpenJDK Runtime Environment (8.0_152-b02) (build 1.8.0_152-release-1024-b02)
# Java VM: OpenJDK 64-Bit Server VM (25.152-b02 mixed mode windows-amd64 compressed oops)
Heap:
 PSYoungGen      total 349696K, used 137493K [0x00000000e0000000, 0x00000000ff200000, 0x0000000100000000)
  eden space 183296K, 32% used [0x00000000e0000000,0x00000000e3a316b8,0x00000000eb300000)
  from space 166400K, 46% used [0x00000000f4f80000,0x00000000f9b93e98,0x00000000ff200000)
  to   space 160256K, 0% used [0x00000000eb300000,0x00000000eb300000,0x00000000f4f80000)
 ParOldGen       total 545280K, used 413539K [0x00000000a0000000, 0x00000000c1480000, 0x00000000e0000000)
  object space 545280K, 75% used [0x00000000a0000000,0x00000000b93d8e80,0x00000000c1480000)
 Metaspace       used 146497K, capacity 153831K, committed 154368K, reserved 1183744K
  class space    used 17843K, capacity 19331K, committed 19456K, reserved 1048576K
GC Heap History (10 events):
Event: 2122.857 GC heap before
{Heap before GC invocations=39 (full 6):
 PSYoungGen      total 312320K, used 288892K [0x00000000e0000000, 0x0000000100000000, 0x0000000100000000)
  eden space 175104K, 100% used [0x00000000e0000000,0x00000000eab00000,0x00000000eab00000)
  from space 137216K, 82% used [0x00000000f7a00000,0x00000000fe91f240,0x0000000100000000)
  to   space 174592K, 0% used [0x00000000eab00000,0x00000000eab00000,0x00000000f5580000)
 ParOldGen       total 389120K, used 328340K [0x00000000a0000000, 0x00000000b7c00000, 0x00000000e0000000)
  object space 389120K, 84% used [0x00000000a0000000,0x00000000b40a5280,0x00000000b7c00000)
 Metaspace       used 140574K, capacity 148095K, committed 148352K, reserved 1179648K
  class space    used 17184K, capacity 18740K, committed 18816K, reserved 1048576K
Event: 2123.169 GC heap after
Heap after GC invocations=39 (full 6):
 PSYoungGen      total 349696K, used 89676K [0x00000000e0000000, 0x0000000100000000, 0x0000000100000000)
  eden space 175104K, 0% used [0x00000000e0000000,0x00000000e0000000,0x00000000eab00000)
  from space 174592K, 51% used [0x00000000eab00000,0x00000000f02930c0,0x00000000f5580000)
  to   space 174592K, 0% used [0x00000000f5580000,0x00000000f5580000,0x0000000100000000)
 ParOldGen       total 389120K, used 385876K [0x00000000a0000000, 0x00000000b7c00000, 0x00000000e0000000)
  object space 389120K, 99% used [0x00000000a0000000,0x00000000b78d5210,0x00000000b7c00000)
 Metaspace       used 140574K, capacity 148095K, committed 148352K, reserved 1179648K
  class space    used 17184K, capacity 18740K, committed 18816K, reserved 1048576K
}
Event: 2123.275 GC heap before
{Heap before GC invocations=40 (full 7):
 PSYoungGen      total 349696K, used 89676K [0x00000000e0000000, 0x0000000100000000, 0x0000000100000000)
  eden space 175104K, 0% used [0x00000000e0000000,0x00000000e0000000,0x00000000eab00000)
  from space 174592K, 51% used [0x00000000eab00000,0x00000000f02930c0,0x00000000f5580000)
  to   space 174592K, 0% used [0x00000000f5580000,0x00000000f5580000,0x0000000100000000)
 ParOldGen       total 389120K, used 385876K [0x00000000a0000000, 0x00000000b7c00000, 0x00000000e0000000)
  object space 389120K, 99% used [0x00000000a0000000,0x00000000b78d5210,0x00000000b7c00000)
 Metaspace       used 140574K, capacity 148095K, committed 148352K, reserved 1179648K
  class space    used 17184K, capacity 18740K, committed 18816K, reserved 1048576K
Event: 2128.956 GC heap after
Heap after GC invocations=40 (full 7):
 PSYoungGen      total 349696K, used 47211K [0x00000000e0000000, 0x0000000100000000, 0x0000000100000000)
  eden space 175104K, 0% used [0x00000000e0000000,0x00000000e0000000,0x00000000eab00000)
  from space 174592K, 27% used [0x00000000eab00000,0x00000000ed91afc8,0x00000000f5580000)
  to   space 174592K, 0% used [0x00000000f5580000,0x00000000f5580000,0x0000000100000000)
 ParOldGen       total 545280K, used 388670K [0x00000000a0000000, 0x00000000c1480000, 0x00000000e0000000)
  object space 545280K, 71% used [0x00000000a0000000,0x00000000b7b8fb28,0x00000000c1480000)
 Metaspace       used 140232K, capacity 147465K, committed 148352K, reserved 1179648K
  class space    used 17116K, capacity 18586K, committed 18816K, reserved 1048576K
}
Event: 2140.996 GC heap before
{Heap before GC invocations=41 (full 7):
 PSYoungGen      total 349696K, used 222315K [0x00000000e0000000, 0x0000000100000000, 0x0000000100000000)
  eden space 175104K, 100% used [0x00000000e0000000,0x00000000eab00000,0x00000000eab00000)
  from space 174592K, 27% used [0x00000000eab00000,0x00000000ed91afc8,0x00000000f5580000)
  to   space 174592K, 0% used [0x00000000f5580000,0x00000000f5580000,0x0000000100000000)
 ParOldGen       total 545280K, used 388670K [0x00000000a0000000, 0x00000000c1480000, 0x00000000e0000000)
  object space 545280K, 71% used [0x00000000a0000000,0x00000000b7b8fb28,0x00000000c1480000)
 Metaspace       used 141196K, capacity 148373K, committed 148992K, reserved 1179648K
  class space    used 17245K, capacity 18716K, committed 18944K, reserved 1048576K
Event: 2141.334 GC heap after
Heap after GC invocations=41 (full 7):
 PSYoungGen      total 349696K, used 106096K [0x00000000e0000000, 0x0000000100000000, 0x0000000100000000)
  eden space 175104K, 0% used [0x00000000e0000000,0x00000000e0000000,0x00000000eab00000)
  from space 174592K, 60% used [0x00000000f5580000,0x00000000fbd1c070,0x0000000100000000)
  to   space 174592K, 0% used [0x00000000eab00000,0x00000000eab00000,0x00000000f5580000)
 ParOldGen       total 545280K, used 388670K [0x00000000a0000000, 0x00000000c1480000, 0x00000000e0000000)
  object space 545280K, 71% used [0x00000000a0000000,0x00000000b7b8fb28,0x00000000c1480000)
 Metaspace       used 141196K, capacity 148373K, committed 148992K, reserved 1179648K
  class space    used 17245K, capacity 18716K, committed 18944K, reserved 1048576K
}
Event: 2147.236 GC heap before
{Heap before GC invocations=42 (full 7):
 PSYoungGen      total 349696K, used 280049K [0x00000000e0000000, 0x0000000100000000, 0x0000000100000000)
  eden space 175104K, 99% used [0x00000000e0000000,0x00000000ea9e0518,0x00000000eab00000)
  from space 174592K, 60% used [0x00000000f5580000,0x00000000fbd1c070,0x0000000100000000)
  to   space 174592K, 0% used [0x00000000eab00000,0x00000000eab00000,0x00000000f5580000)
 ParOldGen       total 545280K, used 388670K [0x00000000a0000000, 0x00000000c1480000, 0x00000000e0000000)
  object space 545280K, 71% used [0x00000000a0000000,0x00000000b7b8fb28,0x00000000c1480000)
 Metaspace       used 141219K, capacity 148373K, committed 148992K, reserved 1179648K
  class space    used 17245K, capacity 18716K, committed 18944K, reserved 1048576K
Event: 2147.331 GC heap after
Heap after GC invocations=42 (full 7):
 PSYoungGen      total 241152K, used 65570K [0x00000000e0000000, 0x00000000ff400000, 0x0000000100000000)
  eden space 175104K, 0% used [0x00000000e0000000,0x00000000e0000000,0x00000000eab00000)
  from space 66048K, 99% used [0x00000000eab00000,0x00000000eeb08a38,0x00000000eeb80000)
  to   space 168448K, 0% used [0x00000000f4f80000,0x00000000f4f80000,0x00000000ff400000)
 ParOldGen       total 545280K, used 413531K [0x00000000a0000000, 0x00000000c1480000, 0x00000000e0000000)
  object space 545280K, 75% used [0x00000000a0000000,0x00000000b93d6e80,0x00000000c1480000)
 Metaspace       used 141219K, capacity 148373K, committed 148992K, reserved 1179648K
  class space    used 17245K, capacity 18716K, committed 18944K, reserved 1048576K
}
Event: 2316.542 GC heap before
{Heap before GC invocations=43 (full 7):
 PSYoungGen      total 241152K, used 240264K [0x00000000e0000000, 0x00000000ff400000, 0x0000000100000000)
  eden space 175104K, 99% used [0x00000000e0000000,0x00000000eaa99990,0x00000000eab00000)
  from space 66048K, 99% used [0x00000000eab00000,0x00000000eeb08a38,0x00000000eeb80000)
  to   space 168448K, 0% used [0x00000000f4f80000,0x00000000f4f80000,0x00000000ff400000)
 ParOldGen       total 545280K, used 413531K [0x00000000a0000000, 0x00000000c1480000, 0x00000000e0000000)
  object space 545280K, 75% used [0x00000000a0000000,0x00000000b93d6e80,0x00000000c1480000)
 Metaspace       used 141468K, capacity 148751K, committed 149248K, reserved 1179648K
  class space    used 17261K, capacity 18747K, committed 18944K, reserved 1048576K
Event: 2317.000 GC heap after
Heap after GC invocations=43 (full 7):
 PSYoungGen      total 349696K, used 77903K [0x00000000e0000000, 0x00000000ff200000, 0x0000000100000000)
  eden space 183296K, 0% used [0x00000000e0000000,0x00000000e0000000,0x00000000eb300000)
  from space 166400K, 46% used [0x00000000f4f80000,0x00000000f9b93e98,0x00000000ff200000)
  to   space 160256K, 0% used [0x00000000eb300000,0x00000000eb300000,0x00000000f4f80000)
 ParOldGen       total 545280K, used 413539K [0x00000000a0000000, 0x00000000c1480000, 0x00000000e0000000)
  object space 545280K, 75% used [0x00000000a0000000,0x00000000b93d8e80,0x00000000c1480000)
 Metaspace       used 141468K, capacity 148751K, committed 149248K, reserved 1179648K
  class space    used 17261K, capacity 18747K, committed 18944K, reserved 1048576K
}

